<?xml version="1.0" encoding="UTF-8"?>
<testsuite name="PersonTest" tests="1" skipped="0" failures="0" errors="0" timestamp="2020-02-11T08:55:37" hostname="admin1-ThinkCentre-M72e" time="30.764">
  <properties/>
  <testcase name="testEmptyName" classname="PersonTest" time="30.764"/>
  <system-out><![CDATA[]]></system-out>
  <system-err><![CDATA[]]></system-err>
</testsuite>
