<?xml version="1.0" encoding="UTF-8"?>
<testsuite name="PersonTest" tests="1" skipped="0" failures="0" errors="0" timestamp="2020-02-05T13:13:05" hostname="umuzi" time="0.002">
  <properties/>
  <testcase name="testEmptyName" classname="PersonTest" time="0.002"/>
  <system-out><![CDATA[]]></system-out>
  <system-err><![CDATA[]]></system-err>
</testsuite>
